<?xml version="1.0" encoding="UTF-8"?>
<!-- Generated by org.testng.reporters.JUnitReportReporter -->
<testsuite hostname="Srinivasulu" failures="0" tests="1" name="udemySelemium.E2EPractices.NavbarTest" time="9.633" errors="0" timestamp="2022-11-03T23:44:52 GMT-07:00" skipped="0">
  <testcase classname="udemySelemium.E2EPractices.NavbarTest" name="navthing" time="9.633"/>
  <system-out/>
</testsuite> <!-- udemySelemium.E2EPractices.NavbarTest -->
